\BOOKMARK [1][-]{section.1}{\376\377\000G\000i\036\243\000i\000\040\000t\000h\000\355\000c\000h\000\040\000t\000h\000u\036\255\000t\000\040\000n\000g\036\357\000\040\000c\001\241\000\040\000b\036\243\000n}{}% 1
\BOOKMARK [1][-]{section.2}{\376\377\000M\036\337\000\040\000r\036\331\000n\000g\000\040\000p\000h\036\247\000n\000\040\0002\000:\000\040\000U\000s\000e\000r\000\040\000P\000e\000r\000m\000i\000s\000s\000i\000o\000n}{}% 2
\BOOKMARK [1][-]{section.3}{\376\377\000P\000h\036\247\000n\000\040\0003\000:\000\040\000X\036\355\000\040\000l\000\375\000\040\000d\036\357\000\040\000l\000i\036\307\000u\000\040\000q\000u\000a\000\040\000C\000o\000m\000m\000a\000n\000d\000\040\000L\000i\000n\000e}{}% 3
\BOOKMARK [2][-]{subsection.3.1}{\376\377\000T\036\241\000i\000\040\000s\000a\000o\000\040\000l\036\241\000i\000\040\000X\036\355\000\040\000l\000\375\000\040\000d\036\357\000\040\000l\000i\036\307\000u\000\040\000q\000u\000a\000\040\000C\000o\000m\000m\000a\000n\000d\000\040\000L\000i\000n\000e\000\040\000\050\001\257\000u\000\040\000t\000h\036\277\000\040\000v\000\340\000\040\000b\036\245\000t\000\040\000l\036\343\000i\000\051}{section.3}% 4
\BOOKMARK [2][-]{subsection.3.2}{\376\377\000R\000e\000g\000e\000x\000\040\000E\000x\000p\000r\000e\000s\000s\000i\000o\000n}{section.3}% 5
\BOOKMARK [2][-]{subsection.3.3}{\376\377\000P\000i\000p\000e\000\040\000v\000\340\000\040\000R\000e\000d\000i\000r\000e\000c\000t}{section.3}% 6
\BOOKMARK [3][-]{subsubsection.3.3.1}{\376\377\000M\000i\000n\000h\000\040\000h\036\315\000a\000\040\000f\000l\000o\000w\000\040\000h\000o\036\241\000t\000\040\001\021\036\331\000n\000g\000\040\000c\036\347\000a\000\040\000P\000i\000p\000e\000\040\000v\000\340\000\040\000R\000e\000d\000i\000r\000e\000c\000t}{subsection.3.3}% 7
\BOOKMARK [3][-]{subsubsection.3.3.2}{\376\377\000V\000\355\000\040\000d\036\345\000\040\000c\000\341\000c\000\040\000b\001\260\036\333\000c\000\040\000x\000\342\000y\000\040\000d\036\361\000n\000g\000\040\000f\000l\000o\000w\000\040\000h\000o\036\241\000t\000\040\001\021\036\331\000n\000g\000\040\000c\036\347\000a\000\040\0001\000\040\000P\000i\000p\000e\000l\000i\000n\000e\000\040\001\021\001\241\000n\000\040\000g\000i\036\243\000n}{subsection.3.3}% 8
\BOOKMARK [2][-]{subsection.3.4}{\376\377\000F\000i\000l\000t\000e\000r\000\040\000C\000o\000m\000m\000a\000n\000d\000s\000\040\000c\000h\000o\000\040\000D\000a\000t\000a\000\040\040\023\000\040\000B\036\331\000\040\000l\036\315\000c\000\040\000m\036\241\000n\000h\000\040\000m\036\275\000\040\000c\036\347\000a\000\040\000C\000o\000m\000m\000a\000n\000d\000\040\000L\000i\000n\000e}{section.3}% 9
\BOOKMARK [2][-]{subsection.3.5}{\376\377\000T\000r\000\355\000c\000h\000\040\000x\000u\036\245\000t\000\040\000d\036\357\000\040\000l\000i\036\307\000u\000\040\000t\036\353\000\040\000f\000i\000l\000e\000s\000\040\000l\036\333\000n}{section.3}% 10
\BOOKMARK [2][-]{subsection.3.6}{\376\377\000X\036\355\000\040\000l\000\375\000\040\000d\036\357\000\040\000l\000i\036\307\000u\000\040\000J\000S\000O\000N\000\040\000v\036\333\000i\000\040\000j\000q}{section.3}% 11
\BOOKMARK [3][-]{subsubsection.3.6.1}{\376\377\000X\036\355\000\040\000l\000\375\000\040\000d\036\357\000\040\000l\000i\036\307\000u\000\040\000J\000S\000O\000N\000\040\000v\036\333\000i\000\040\000j\000q\000\040\000p\000h\036\247\000n\000\040\0001}{subsection.3.6}% 12
\BOOKMARK [3][-]{subsubsection.3.6.2}{\376\377\000X\036\355\000\040\000l\000\375\000\040\000d\036\357\000\040\000l\000i\036\307\000u\000\040\000J\000S\000O\000N\000\040\000v\036\333\000i\000\040\000j\000q\000\040\000p\000h\036\247\000n\000\040\0002}{subsection.3.6}% 13
\BOOKMARK [2][-]{subsection.3.7}{\376\377\000X\036\355\000\040\000l\000\375\000\040\000C\000S\000V\000\040\000q\000u\000a\000\040\000c\000o\000m\000m\000a\000n\000d\000\040\000l\000i\000n\000e}{section.3}% 14
\BOOKMARK [2][-]{subsection.3.8}{\376\377\000P\000h\000\342\000n\000\040\000t\000\355\000c\000h\000\040\000l\000o\000g\000s\000\040\000v\036\333\000i\000\040\000c\000o\000m\000m\000a\000n\000d\000\040\000l\000i\000n\000e}{section.3}% 15
\BOOKMARK [2][-]{subsection.3.9}{\376\377\000K\036\277\000t\000\040\000h\036\343\000p\000\040\000c\000\341\000c\000\040\000c\000o\000m\000m\000a\000n\000d\000s\000\040\000p\000h\036\351\000c\000\040\000t\036\241\000p}{section.3}% 16
\BOOKMARK [2][-]{subsection.3.10}{\376\377\000x\000a\000r\000g\000s\000\040\000-\000\040\000x\036\355\000\040\000l\000\375\000\040\000d\036\357\000\040\000l\000i\036\307\000u\000\040\000s\000o\000n\000g\000\040\000s\000o\000n\000g}{section.3}% 17
\BOOKMARK [2][-]{subsection.3.11}{\376\377\000X\036\355\000\040\000l\000\375\000\040\000d\036\357\000\040\000l\000i\036\307\000u\000\040\000t\000h\036\361\000c\000\040\000t\036\277}{section.3}% 18
\BOOKMARK [2][-]{subsection.3.12}{\376\377\000T\036\243\000i\000\040\000d\036\357\000\040\000l\000i\036\307\000u\000\040\000t\036\353\000\040\000i\000n\000t\000e\000r\000n\000e\000t\000\040\000\050\000w\000g\000e\000t\000,\000\040\000c\000u\000r\000l\000\051}{section.3}% 19
\BOOKMARK [2][-]{subsection.3.13}{\376\377\000L\000\340\000m\000\040\000v\000i\036\307\000c\000\040\000v\036\333\000i\000\040\000f\000i\000l\000e\000s\000\040\000n\000\351}{section.3}% 20
\BOOKMARK [2][-]{subsection.3.14}{\376\377\000g\000i\036\243\000i\000\040\000n\000\351\000n\000\040\000v\000\340\000\040\000x\036\355\000\040\000l\000\375\000\040\000n\000h\000i\036\301\000u\000\040\000f\000i\000l\000e\000s}{section.3}% 21
\BOOKMARK [2][-]{subsection.3.15}{\376\377\000B\000\340\000i\000\040\000t\036\255\000p\000\040\000t\000h\036\361\000c\000\040\000h\000\340\000n\000h}{section.3}% 22
\BOOKMARK [2][-]{subsection.3.16}{\376\377\000T\000\363\000m\000\040\000t\036\257\000t\000\040\000v\000\340\000\040\000T\036\325\000n\000g\000\040\000k\036\277\000t\000\040\000p\000h\036\247\000n\000\040\0003}{section.3}% 23
