\BOOKMARK [1][-]{section.1}{\376\377\000P\000h\036\247\000n\000\040\0001\000:\000\040\000H\000i\036\303\000u\000\040\000T\036\325\000n\000g\000\040\000Q\000u\000a\000n\000\040\000V\036\301\000\040\000P\000h\000\342\000n\000\040\000T\000\355\000c\000h\000\040\000D\036\357\000\040\000L\000i\036\307\000u}{}% 1
\BOOKMARK [2][-]{subsection.1.1}{\376\377\001\020\036\313\000n\000h\000\040\000n\000g\000h\001\051\000a\000\040\000D\036\357\000\040\000l\000i\036\307\000u\000\040\000v\000\340\000\040\000T\000h\000\364\000n\000g\000\040\000t\000i\000n}{section.1}% 2
\BOOKMARK [2][-]{subsection.1.2}{\376\377\000S\036\361\000\040\000b\000\371\000n\000g\000\040\000n\036\325\000\040\000d\036\357\000\040\000l\000i\036\307\000u\000\040\000t\000o\000\340\000n\000\040\000c\036\247\000u}{section.1}% 3
\BOOKMARK [2][-]{subsection.1.3}{\376\377\000Q\000u\000y\000\040\000t\000r\000\354\000n\000h\000\040\000p\000h\000\342\000n\000\040\000t\000\355\000c\000h\000\040\000d\036\357\000\040\000l\000i\036\307\000u}{section.1}% 4
\BOOKMARK [2][-]{subsection.1.4}{\376\377\000L\036\343\000i\000\040\000\355\000c\000h\000\040\000c\036\347\000a\000\040\000p\000h\000\342\000n\000\040\000t\000\355\000c\000h\000\040\000d\036\357\000\040\000l\000i\036\307\000u}{section.1}% 5
\BOOKMARK [2][-]{subsection.1.5}{\376\377\000L\000\375\000\040\000d\000o\000\040\000n\000\352\000n\000\040\000h\036\315\000c\000\040\000p\000h\000\342\000n\000\040\000t\000\355\000c\000h\000\040\000d\036\357\000\040\000l\000i\036\307\000u}{section.1}% 6
\BOOKMARK [2][-]{subsection.1.6}{\376\377\000C\000\341\000c\000\040\000v\000a\000i\000\040\000t\000r\000\362\000\040\000p\000h\036\325\000\040\000b\000i\036\277\000n\000\040\000t\000r\000o\000n\000g\000\040\000l\001\051\000n\000h\000\040\000v\036\361\000c\000\040\000d\036\357\000\040\000l\000i\036\307\000u}{section.1}% 7
\BOOKMARK [2][-]{subsection.1.7}{\376\377\000A\000i\000\040\000n\000\352\000n\000\040\000h\036\315\000c\000\040\000p\000h\000\342\000n\000\040\000t\000\355\000c\000h\000\040\000d\036\357\000\040\000l\000i\036\307\000u}{section.1}% 8
\BOOKMARK [2][-]{subsection.1.8}{\376\377\036\350\000n\000g\000\040\000d\036\345\000n\000g\000\040\000t\000r\000o\000n\000g\000\040\000t\000h\036\361\000c\000\040\000t\036\277}{section.1}% 9
\BOOKMARK [2][-]{subsection.1.9}{\376\377\0005\000\040\000c\036\245\000p\000\040\001\021\036\331\000\040\000c\036\347\000a\000\040\000p\000h\000\342\000n\000\040\000t\000\355\000c\000h\000\040\000d\036\357\000\040\000l\000i\036\307\000u}{section.1}% 10
\BOOKMARK [2][-]{subsection.1.10}{\376\377\000L\001\260\000u\000\040\000\375\000\040\000k\000h\000i\000\040\000p\000h\000\342\000n\000\040\000t\000\355\000c\000h\000\040\000d\036\357\000\040\000l\000i\036\307\000u}{section.1}% 11
\BOOKMARK [2][-]{subsection.1.11}{\376\377\000F\000r\000a\000m\000e\000w\000o\000r\000k\000\040\0005\000W\0002\000H\000\040\000t\000r\000o\000n\000g\000\040\000p\000h\000\342\000n\000\040\000t\000\355\000c\000h\000\040\000d\036\357\000\040\000l\000i\036\307\000u}{section.1}% 12
\BOOKMARK [1][-]{section.2}{\376\377\000P\000h\036\247\000n\000\040\0002\000:\000\040\000H\000i\036\303\000u\000\040\000X\000u\000\040\000H\001\260\036\333\000n\000g\000\040\000D\036\357\000\040\000L\000i\036\307\000u\000\040\000Q\000u\000a\000\040\000T\000h\036\321\000n\000g\000\040\000K\000\352\000\040\000C\001\241\000\040\000B\036\243\000n}{}% 13
\BOOKMARK [2][-]{subsection.2.1}{\376\377\000T\036\241\000i\000\040\000s\000a\000o\000\040\000c\036\247\000n\000\040\000h\000i\036\303\000u\000\040\000x\000u\000\040\000h\001\260\036\333\000n\000g\000\040\000d\036\357\000\040\000l\000i\036\307\000u\000?}{section.2}% 14
\BOOKMARK [2][-]{subsection.2.2}{\376\377\000K\000h\000\364\000n\000g\000\040\000c\000h\036\311\000\040\000d\036\361\000a\000\040\000v\000\340\000o\000\040\000g\000i\000\341\000\040\000t\000r\036\313\000\040\000t\000r\000u\000n\000g\000\040\000b\000\354\000n\000h}{section.2}% 15
\BOOKMARK [2][-]{subsection.2.3}{\376\377\001\020\000o\000\040\000l\001\260\036\335\000n\000g\000\040\000m\036\351\000c\000\040\001\021\036\331\000\040\000p\000h\000\342\000n\000\040\000t\000\341\000n}{section.2}% 16
\BOOKMARK [2][-]{subsection.2.4}{\376\377\000M\036\331\000t\000\040\000s\036\321\000\040\000h\000\340\000m\000\040\000t\000h\036\321\000n\000g\000\040\000k\000\352\000\040\000c\001\241\000\040\000b\036\243\000n\000\040\000t\000r\000o\000n\000g\000\040\000E\000x\000c\000e\000l}{section.2}% 17
\BOOKMARK [2][-]{subsection.2.5}{\376\377\000H\000\340\000m\000\040\001\021\000i\036\301\000u\000\040\000k\000i\036\307\000n\000\040\000v\000\340\000\040\000t\036\325\000n\000g\000\040\000h\036\343\000p}{section.2}% 18
\BOOKMARK [2][-]{subsection.2.6}{\376\377\000P\000i\000v\000o\000t\000\040\000T\000a\000b\000l\000e}{section.2}% 19
\BOOKMARK [1][-]{section.3}{\376\377\000P\000h\036\247\000n\000\040\0003\000:\000\040\000T\000r\036\361\000c\000\040\000Q\000u\000a\000n\000\040\000H\000\363\000a\000\040\000D\036\357\000\040\000L\000i\036\307\000u}{}% 20
\BOOKMARK [2][-]{subsection.3.1}{\376\377\000V\000\354\000\040\000s\000a\000o\000\040\000c\036\247\000n\000\040\000t\000r\036\361\000c\000\040\000q\000u\000a\000n\000\040\000h\000\363\000a\000\040\000d\036\357\000\040\000l\000i\036\307\000u\000?}{section.3}% 21
\BOOKMARK [2][-]{subsection.3.2}{\376\377\000C\000\341\000c\000h\000\040\000s\036\355\000\040\000d\036\345\000n\000g\000\040\000b\000i\036\303\000u\000\040\001\021\036\323\000\040\000H\000i\036\307\000u\000\040\000q\000u\036\243}{section.3}% 22
\BOOKMARK [2][-]{subsection.3.3}{\376\377\000C\000\341\000c\000\040\000l\000o\036\241\000i\000\040\000b\000i\036\303\000u\000\040\001\021\036\323\000\040\000p\000h\036\325\000\040\000b\000i\036\277\000n}{section.3}% 23
\BOOKMARK [2][-]{subsection.3.4}{\376\377\000B\000i\036\303\000u\000\040\001\021\036\323\000\040\000c\036\331\000t\000\040\000\050\000B\000a\000r\000\040\000C\000h\000a\000r\000t\000\051}{section.3}% 24
\BOOKMARK [2][-]{subsection.3.5}{\376\377\000B\000i\036\303\000u\000\040\001\021\036\323\000\040\001\021\001\260\036\335\000n\000g\000\040\000\050\000L\000i\000n\000e\000\040\000C\000h\000a\000r\000t\000\051}{section.3}% 25
\BOOKMARK [2][-]{subsection.3.6}{\376\377\000B\000i\036\303\000u\000\040\001\021\036\323\000\040\000t\000r\000\362\000n\000\040\000\050\000P\000i\000e\000\040\000C\000h\000a\000r\000t\000\051}{section.3}% 26
\BOOKMARK [2][-]{subsection.3.7}{\376\377\000H\000i\000s\000t\000o\000g\000r\000a\000m}{section.3}% 27
\BOOKMARK [2][-]{subsection.3.8}{\376\377\000H\000e\000a\000t\000m\000a\000p}{section.3}% 28
\BOOKMARK [2][-]{subsection.3.9}{\376\377\000W\000a\000t\000e\000r\000f\000a\000l\000l\000\040\000C\000h\000a\000r\000t}{section.3}% 29
\BOOKMARK [2][-]{subsection.3.10}{\376\377\000S\000c\000a\000t\000t\000e\000r\000\040\000P\000l\000o\000t}{section.3}% 30
\BOOKMARK [2][-]{subsection.3.11}{\376\377\000H\036\307\000\040\000s\036\321\000\040\000t\001\260\001\241\000n\000g\000\040\000q\000u\000a\000n\000\040\000\050\000C\000o\000r\000r\000e\000l\000a\000t\000i\000o\000n\000\040\000C\000o\000e\000f\000f\000i\000c\000i\000e\000n\000t\000\051}{section.3}% 31
