\BOOKMARK [1][-]{section.1}{\376\377\000P\000h\036\247\000n\000\040\0001\000:\000\040\000B\000i\000g\000\040\000D\000a\000t\000a\000\040\000l\000\340\000\040\000g\000\354\000\040\000v\000\340\000\040\000v\000\354\000\040\000s\000a\000o\000\040\000l\036\241\000i\000\040\000c\036\247\000n\000\040\000n\000\363}{}% 1
\BOOKMARK [1][-]{section.2}{\376\377\000V\000\354\000\040\000s\000a\000o\000\040\000l\036\241\000i\000\040\000c\036\247\000n\000\040\000B\000i\000g\000\040\000D\000a\000t\000a\000\040\000t\000r\000o\000n\000g\000\040\000t\000h\036\277\000\040\000g\000i\036\333\000i\000\040\000h\000i\036\307\000n\000\040\000n\000a\000y\000?}{}% 2
\BOOKMARK [2][-]{subsection.2.1}{\376\377\000B\000i\000g\000\040\000D\000a\000t\000a\000\040\000l\000\340\000\040\000g\000\354\000\040\000?}{section.2}% 3
\BOOKMARK [2][-]{subsection.2.2}{\376\377\000T\036\241\000i\000\040\000s\000a\000o\000\040\000c\036\247\000n\000\040\000c\000\341\000c\000\040\000g\000i\036\243\000i\000\040\000p\000h\000\341\000p\000\040\000n\000h\001\260\000\040\000A\000p\000a\000c\000h\000e\000\040\000S\000p\000a\000r\000k\000?}{section.2}% 4
\BOOKMARK [1][-]{section.3}{\376\377\000P\000h\036\247\000n\000\040\0002\000:\000\040\000G\000i\036\243\000i\000\040\000t\000h\000\355\000c\000h\000\040\000c\001\241\000\040\000c\000h\036\277\000\040\000h\000o\036\241\000t\000\040\001\021\036\331\000n\000g\000\040\000c\036\347\000a\000\040\000H\000a\000d\000o\000o\000p\000\040\000v\000\340\000\040\000A\000p\000a\000c\000h\000e\000\040\000S\000p\000a\000r\000k}{}% 5
\BOOKMARK [2][-]{subsection.3.1}{\376\377\000M\036\345\000c\000\040\001\020\000\355\000c\000h\000\040\000c\036\347\000a\000\040\000H\000a\000d\000o\000o\000p\000\040\000v\000\340\000\040\000A\000p\000a\000c\000h\000e\000\040\000S\000p\000a\000r\000k}{section.3}% 6
\BOOKMARK [2][-]{subsection.3.2}{\376\377\000H\000D\000F\000S\000\040\000\050\000H\000a\000d\000o\000o\000p\000\040\000D\000i\000s\000t\000r\000i\000b\000u\000t\000e\000d\000\040\000F\000i\000l\000e\000\040\000S\000y\000s\000t\000e\000m\000\051}{section.3}% 7
\BOOKMARK [2][-]{subsection.3.3}{\376\377\000M\000a\000p\000R\000e\000d\000u\000c\000e}{section.3}% 8
\BOOKMARK [2][-]{subsection.3.4}{\376\377\000T\036\325\000n\000g\000\040\000q\000u\000a\000n\000\040\000P\000i\000p\000e\000l\000i\000n\000e\000\040\000h\000o\036\241\000t\000\040\001\021\036\331\000n\000g\000\040\000c\036\347\000a\000\040\000A\000p\000a\000c\000h\000e\000\040\000S\000p\000a\000r\000k}{section.3}% 9
\BOOKMARK [2][-]{subsection.3.5}{\376\377\000P\000y\000s\000p\000a\000r\000k\000\040\000E\000c\000o\000s\000y\000s\000t\000e\000m}{section.3}% 10
\BOOKMARK [2][-]{subsection.3.6}{\376\377\000K\000i\036\277\000n\000\040\000t\000r\000\372\000c\000\040\000c\036\347\000a\000\040\000A\000p\000a\000c\000h\000e\000\040\000S\000p\000a\000r\000k}{section.3}% 11
\BOOKMARK [2][-]{subsection.3.7}{\376\377\000A\000p\000a\000c\000h\000e\000\040\000S\000p\000a\000r\000k\000:\000\040\000R\000D\000D\000\040\000\050\000R\000e\000s\000i\000l\000i\000e\000n\000t\000\040\000D\000i\000s\000t\000r\000i\000b\000u\000t\000e\000d\000\040\000D\000a\000t\000a\000s\000e\000t\000\051}{section.3}% 12
\BOOKMARK [1][-]{section.4}{\376\377\000P\000h\036\247\000n\000\040\0003\000:\000\040\000P\000y\000S\000p\000a\000r\000k\000\040\000t\000r\000o\000n\000g\000\040\000P\000y\000t\000h\000o\000n\000\040\000v\000\340\000\040\000S\000Q\000L}{}% 13
\BOOKMARK [2][-]{subsection.4.1}{\376\377\000S\000p\000a\000r\000k\000\040\000S\000Q\000L}{section.4}% 14
\BOOKMARK [2][-]{subsection.4.2}{\376\377\000S\000p\000a\000r\000k\000\040\000M\000L\000l\000i\000b}{section.4}% 15
\BOOKMARK [2][-]{subsection.4.3}{\376\377\000P\000y\000S\000p\000a\000r\000k\000\040\000L\000a\000y\000e\000r\000s}{section.4}% 16
\BOOKMARK [2][-]{subsection.4.4}{\376\377\000P\000y\000S\000p\000a\000r\000k\000\040\000R\000D\000D}{section.4}% 17
\BOOKMARK [2][-]{subsection.4.5}{\376\377\000P\000y\000s\000p\000a\000r\000k\000\040\000C\000o\000n\000n\000e\000c\000t\000\040\000C\000o\000d\000e}{section.4}% 18
\BOOKMARK [2][-]{subsection.4.6}{\376\377\0001\000\040\000C\000h\000\372\000t\000\040\000v\036\301\000\040\000T\036\321\000i\000\040\001\260\000u\000\040\000P\000y\000s\000p\000a\000r\000k\000\040\000v\036\333\000i\000\040\000D\000A\000G}{section.4}% 19
\BOOKMARK [1][-]{section.5}{\376\377\000P\000h\036\247\000n\000\040\0004\000:\000\040\000S\000o\000\040\000s\000\341\000n\000h\000\040\000w\000o\000r\000k\000f\000l\000o\000w\000\040\000c\036\347\000a\000\040\000S\000k\000l\000e\000a\000r\000n\000\040\000v\000\340\000\040\000P\000y\000S\000p\000a\000r\000k\000\040\001\021\036\303\000\040\000d\036\305\000\040\000h\000i\036\303\000u\000\040\000h\001\241\000n}{}% 20
