\BOOKMARK [1][-]{section.1}{\376\377\000P\000h\036\247\000n\000\040\0001\000:\000\040\000R\000a\000n\000d\000o\000m\000\040\000V\000a\000r\000i\000a\000b\000l\000e}{}% 1
\BOOKMARK [1][-]{section.2}{\376\377\000P\000h\036\247\000n\000\040\0002\000:\000\040\000R\000a\000n\000d\000o\000m\000\040\000D\000i\000s\000c\000r\000e\000t\000e\000\040\000V\000a\000r\000i\000a\000b\000l\000e}{}% 2
\BOOKMARK [1][-]{section.3}{\376\377\000P\000h\036\247\000n\000\040\0003\000:\000\040\000P\000r\000o\000b\000a\000b\000i\000l\000i\000t\000y\000\040\000D\000i\000s\000t\000r\000i\000b\000u\000t\000i\000o\000n\000\040\000\050\000F\000r\000o\000m\000\040\000D\000i\000s\000c\000r\000e\000t\000e\000\040\000t\000o\000\040\000C\000o\000n\000t\000i\000n\000u\000o\000u\000s\000\051}{}% 3
\BOOKMARK [2][-]{subsection.3.1}{\376\377\000P\000M\000F\000\040\000\050\000P\000r\000o\000b\000a\000b\000i\000l\000i\000t\000y\000\040\000M\000a\000s\000s\000\040\000F\000u\000n\000c\000t\000i\000o\000n\000\051}{section.3}% 4
\BOOKMARK [2][-]{subsection.3.2}{\376\377\000P\000D\000F\000\040\000\050\000P\000r\000o\000b\000a\000b\000i\000l\000i\000t\000y\000\040\000D\000e\000n\000s\000i\000t\000y\000\040\000F\000u\000n\000c\000t\000i\000o\000n\000\051}{section.3}% 5
\BOOKMARK [2][-]{subsection.3.3}{\376\377\000C\000M\000F\000\040\000\050\000C\000u\000m\000u\000l\000a\000t\000i\000v\000e\000\040\000P\000r\000o\000b\000a\000b\000i\000l\000i\000t\000y\000\040\000F\000u\000n\000c\000t\000i\000o\000n\000\051}{section.3}% 6
\BOOKMARK [1][-]{section.4}{\376\377\000P\000h\036\247\000n\000\040\0004\000:\000\040\000M\000e\000a\000n\000/\000E\000x\000p\000e\000c\000t\000e\000d\000\040\000V\000a\000l\000u\000e\000,\000\040\000V\000a\000r\000i\000a\000n\000c\000e\000,\000\040\000S\000t\000a\000n\000d\000a\000r\000d\000\040\000D\000e\000v\000i\000a\000t\000i\000o\000n\000\040\000v\000\340\000\040\036\351\000n\000g\000\040\000d\036\345\000n\000g\000\040\000c\036\347\000a\000\040\000c\000h\000\372\000n\000g}{}% 7
\BOOKMARK [2][-]{subsection.4.1}{\376\377\000E\000x\000p\000e\000c\000t\000e\000d\000\040\000V\000a\000l\000u\000e}{section.4}% 8
\BOOKMARK [2][-]{subsection.4.2}{\376\377\000M\000e\000d\000i\000a\000n}{section.4}% 9
\BOOKMARK [1][-]{section.5}{\376\377\000P\000h\036\247\000n\000\040\0005\000\040\000M\036\337\000\040\000r\036\331\000n\000g\000:\000\040\000G\000i\000\341\000\040\000t\000r\036\313\000\040\000k\036\363\000\040\000v\036\315\000n\000g\000\040\000c\036\347\000a\000\040\0001\000\040\000h\000\340\000m\000\040\000s\036\321\000\040\000v\000\340\000\040\000T\036\325\000n\000g\000\040\000c\036\347\000a\000\040\000k\036\363\000\040\000v\036\315\000n\000g}{}% 10
\BOOKMARK [2][-]{subsection.5.1}{\376\377\000G\000i\000\341\000\040\000t\000r\036\313\000\040\000k\036\363\000\040\000v\036\315\000n\000g\000\040\000c\036\347\000a\000\040\000m\036\331\000t\000\040\000H\000\340\000m\000\040\000s\036\321\000\040\000\050\000E\000x\000p\000e\000c\000t\000e\000d\000\040\000V\000a\000l\000u\000e\000\040\000o\000f\000\040\000a\000\040\000F\000u\000n\000c\000t\000i\000o\000n\000\051}{section.5}% 11
\BOOKMARK [2][-]{subsection.5.2}{\376\377\000T\036\325\000n\000g\000\040\000k\036\363\000\040\000v\036\315\000n\000g\000\040\040\023\000\040\000S\000u\000m\000\040\000o\000f\000\040\000E\000x\000p\000e\000c\000t\000a\000t\000i\000o\000n\000s}{section.5}% 12
\BOOKMARK [1][-]{section.6}{\376\377\000P\000h\036\247\000n\000\040\0006\000:\000\040\000V\000a\000r\000i\000a\000n\000c\000e\000\040\040\023\000\040\000P\000h\001\260\001\241\000n\000g\000\040\000s\000a\000i}{}% 13
\BOOKMARK [2][-]{subsection.6.1}{\376\377\001\020\036\331\000n\000g\000\040\000l\036\361\000c\000:\000\040\001\020\036\303\000\040\000m\000i\000\352\000u\000\040\000t\036\243\000\040\000d\036\357\000\040\000l\000i\036\307\000u\000,\000\040\000k\036\363\000\040\000v\036\315\000n\000g\000\040\000t\000h\000\364\000i\000\040\000l\000\340\000\040\000c\000h\001\260\000a\000\040\001\021\036\347}{section.6}% 14
\BOOKMARK [2][-]{subsection.6.2}{\376\377\000V\000\355\000\040\000d\036\345\000:\000\040\000S\000o\000\040\000s\000\341\000n\000h\000\040\000h\000a\000i\000\040\000t\000r\000\362\000\040\000c\000h\001\241\000i}{section.6}% 15
\BOOKMARK [2][-]{subsection.6.3}{\376\377\000T\000a\000\040\000c\036\247\000n\000\040\001\021\000o\000\040\001\021\036\331\000\040\040\034\000l\000a\000n\000\040\000r\036\331\000n\000g\040\035\000\040\000c\036\347\000a\000\040\000p\000h\000\342\000n\000\040\000p\000h\036\321\000i}{section.6}% 16
\BOOKMARK [2][-]{subsection.6.4}{\376\377\000R\000\372\000t\000\040\000c\000\364\000n\000g\000\040\000g\036\315\000n\000\040\000t\000h\036\351\000c\000\040\000p\000h\001\260\001\241\000n\000g\000\040\000s\000a\000i\000\040\000t\036\353\000\040\000k\036\363\000\040\000v\036\315\000n\000g}{section.6}% 17
\BOOKMARK [2][-]{subsection.6.5}{\376\377\000C\000\364\000n\000g\000\040\000t\000h\036\351\000c\000\040\000p\000h\001\260\001\241\000n\000g\000\040\000s\000a\000i}{section.6}% 18
\BOOKMARK [2][-]{subsection.6.6}{\376\377\000T\000h\000u\036\331\000c\000\040\000t\000\355\000n\000h\000\040\000c\036\347\000a\000\040\000p\000h\001\260\001\241\000n\000g\000\040\000s\000a\000i}{section.6}% 19
\BOOKMARK [1][-]{section.7}{\376\377\000P\000h\036\247\000n\000\040\0007\000:\000\040\000S\000t\000a\000n\000d\000a\000r\000d\000\040\000D\000e\000v\000i\000a\000t\000i\000o\000n}{}% 20
\BOOKMARK [1][-]{section.8}{\376\377\000P\000h\036\247\000n\000\040\0008\000:\000\040\036\350\000n\000g\000\040\000d\036\345\000n\000g\000\040\000c\036\347\000a\000\040\000M\000e\000a\000n\000,\000\040\000M\000e\000d\000i\000a\000n\000,\000\040\000V\000a\000r\000i\000a\000n\000c\000e}{}% 21
\BOOKMARK [2][-]{subsection.8.1}{\376\377\036\350\000n\000g\000\040\000d\036\345\000n\000g\000\040\000c\036\347\000a\000\040\000M\000e\000a\000n}{section.8}% 22
\BOOKMARK [1][-]{section.9}{\376\377\000P\000h\036\247\000n\000\040\0008\000:\000\040\036\350\000n\000g\000\040\000d\036\345\000n\000g\000\040\000c\036\347\000a\000\040\000M\000e\000a\000n\000,\000\040\000M\000e\000d\000i\000a\000n\000,\000\040\000V\000a\000r\000i\000a\000n\000c\000e}{}% 23
\BOOKMARK [2][-]{subsection.9.1}{\376\377\036\350\000n\000g\000\040\000d\036\345\000n\000g\000\040\000c\036\347\000a\000\040\000M\000e\000a\000n}{section.9}% 24
\BOOKMARK [3][-]{subsubsection.9.1.1}{\376\377\036\350\000n\000g\000\040\000d\036\345\000n\000g\000\040\000t\000r\000o\000n\000g\000\040\000x\036\355\000\040\000l\000\375\000\040\036\243\000n\000h\000:\000\040\000L\000\340\000m\000\040\000m\036\335\000\040\000\050\000B\000l\000u\000r\000r\000i\000n\000g\000\051\000\040\000k\000h\000u\000\364\000n\000\040\000m\036\267\000t}{subsection.9.1}% 25
\BOOKMARK [2][-]{subsection.9.2}{\376\377\036\350\000n\000g\000\040\000d\036\345\000n\000g\000\040\000c\036\347\000a\000\040\000M\000e\000d\000i\000a\000n}{section.9}% 26
\BOOKMARK [2][-]{subsection.9.3}{\376\377\036\350\000n\000g\000\040\000d\036\345\000n\000g\000\040\000c\036\347\000a\000\040\000V\000a\000r\000i\000a\000n\000c\000e\000\040\000t\000r\000o\000n\000g\000\040\000P\000h\000\341\000t\000\040\000h\000i\036\307\000n\000\040\000C\036\241\000n\000h\000\040\000\050\000E\000d\000g\000e\000\040\000D\000e\000t\000e\000c\000t\000i\000o\000n\000\051}{section.9}% 27
\BOOKMARK [1][-]{section.10}{\376\377\000P\000h\036\247\000n\000\040\0009\000:\000\040\000H\000i\000s\000t\000o\000g\000r\000a\000m\000\040\000v\000\340\000\040\036\351\000n\000g\000\040\000d\036\345\000n\000g\000\040\000c\036\347\000a\000\040\000n\000\363}{}% 28
\BOOKMARK [2][-]{subsection.10.1}{\376\377\000H\000i\000s\000t\000o\000g\000r\000a\000m\000\040\000l\000\340\000\040\000g\000\354\000?}{section.10}% 29
\BOOKMARK [2][-]{subsection.10.2}{\376\377\036\350\000n\000g\000\040\000d\036\345\000n\000g\000:\000\040\000T\001\003\000n\000g\000\040\001\021\036\331\000\040\000t\001\260\001\241\000n\000g\000\040\000p\000h\036\243\000n\000\040\000b\036\261\000n\000g\000\040\000H\000i\000s\000t\000o\000g\000r\000a\000m\000\040\000E\000q\000u\000a\000l\000i\000z\000a\000t\000i\000o\000n}{section.10}% 30
\BOOKMARK [1][-]{section.11}{\376\377\000P\000h\036\247\000n\000\040\0001\0000\000\040\000M\036\337\000\040\000r\036\331\000n\000g\000:\000\040\000C\000\340\000i\000\040\001\021\036\267\000t\000\040\000H\000i\000s\000t\000o\000g\000r\000a\000m\000\040\000s\036\355\000\040\000d\036\345\000n\000g\000\040\000n\000u\000m\000p\000y}{}% 31
